<?xml version="1.0" encoding="UTF-8"?>
<!-- Generated by org.testng.reporters.JUnitReportReporter -->
<testsuite skipped="0" hostname="DESKTOP-LDS4O3B" name="alerts.alerthandling" tests="1" failures="0" timestamp="13 Jun 2019 11:41:29 GMT" time="26.008" errors="0">
  <testcase name="open" time="26.008" classname="alerts.alerthandling"/>
</testsuite> <!-- alerts.alerthandling -->
